Arguments: 
  C:\Program Files\nodejs\node.exe C:\Users\NatanPolly\AppData\Roaming\npm\node_modules\yarn\bin\yarn.js

PATH: 
  C:\Users\NatanPolly\Downloads\cmder_mini\bin;C:\Users\NatanPolly\Downloads\cmder_mini\vendor\conemu-maximus5\ConEmu\Scripts;C:\Users\NatanPolly\Downloads\cmder_mini\vendor\conemu-maximus5;C:\Users\NatanPolly\Downloads\cmder_mini\vendor\conemu-maximus5\ConEmu;C:\Windows\system32;C:\Windows;C:\Windows\System32\Wbem;C:\Windows\System32\WindowsPowerShell\v1.0\;C:\Program Files\Intel\WiFi\bin\;C:\Program Files\Common Files\Intel\WirelessCommon\;C:\Program Files\nodejs\;C:\Program Files\PuTTY\;C:\Program Files\Microsoft SQL Server\110\DTS\Binn\;C:\Program Files (x86)\Microsoft SQL Server\110\Tools\Binn\;C:\Program Files\Microsoft SQL Server\110\Tools\Binn\;C:\Program Files (x86)\Microsoft SQL Server\110\Tools\Binn\ManagementStudio\;C:\Program Files (x86)\Microsoft Visual Studio 10.0\Common7\IDE\PrivateAssemblies\;C:\Program Files (x86)\Microsoft SQL Server\110\DTS\Binn\;C:\Program Files (x86)\Microsoft SQL Server\Client SDK\ODBC\130\Tools\Binn\;C:\Program Files (x86)\Microsoft SQL Server\140\Tools\Binn\;C:\Program Files (x86)\Microsoft SQL Server\140\DTS\Binn\;C:\Program Files (x86)\Microsoft SQL Server\140\Tools\Binn\ManagementStudio\;C:\Program Files\Git\cmd;C:\Program Files (x86)\Google\Cloud SDK\google-cloud-sdk\bin;C:\Program Files\Microsoft VS Code\bin;C:\Users\NatanPolly\AppData\Roaming\npm;C:\Program Files\Heroku\bin;.;;.;;.;;C:\Program Files\Git\usr\bin;C:\Program Files\Git\usr\share\vim\vim74;C:\Users\NatanPolly\Downloads\cmder_mini\;.;

Yarn version: 
  1.3.2

Node version: 
  6.11.3

Platform: 
  win32 x64

npm manifest: 
  {
    "name": "cartao-aq",
    "version": "0.0.0",
    "license": "MIT",
    "scripts": {
      "ng": "ng",
      "dev": "ng serve",
      "start": "node server.js",
      "build": "ng build --prod",
      "test": "ng test",
      "lint": "ng lint",
      "e2e": "ng e2e",
      "heroku-postbuild": "ng build --aot -prod",
      "deploy": "git push origin master"
    },
    "private": true,
    "dependencies": {
      "@angular/animations": "^4.0.0",
      "@angular/common": "^4.0.0",
      "@angular/compiler": "^4.0.0",
      "@angular/cli": "1.6.1",
      "@angular/core": "^4.0.0",
      "@angular/forms": "^4.0.0",
      "@angular/http": "^4.0.0",
      "@angular/platform-browser": "^4.0.0",
      "@angular/platform-browser-dynamic": "^4.0.0",
      "@angular/router": "^4.0.0",
      "bootstrap": "^4.0.0-beta.2",
      "core-js": "^2.4.1",
      "font-awesome": "^4.7.0",
      "jquery": "^3.2.1",
      "ng2-scroll-to": "^1.0.7",
      "ngx-bootstrap": "^2.0.0-rc.0",
      "ngx-breadcrumbs": "0.0.3",
      "nprogress": "^0.2.0",
      "rxjs": "^5.5.2",
      "sweetalert2": "^7.3.1",
      "express": "^4.15.2",
      "zone.js": "^0.8.4",
      "typescript": "~2.4.2"
    },
    "devDependencies": {
      "@angular/cli": "1.6.1",
      "@angular/compiler-cli": "^4.0.0",
      "@angular/language-service": "^4.0.0",
      "@types/jasmine": "~2.5.53",
      "@types/jasminewd2": "~2.0.2",
      "@types/node": "~6.0.60",
      "codelyzer": "^4.0.1",
      "jasmine-core": "~2.6.2",
      "jasmine-spec-reporter": "~4.1.0",
      "karma": "~1.7.0",
      "karma-chrome-launcher": "~2.1.1",
      "karma-cli": "~1.0.1",
      "karma-coverage-istanbul-reporter": "^1.2.1",
      "karma-jasmine": "~1.1.0",
      "karma-jasmine-html-reporter": "^0.2.2",
      "protractor": "~5.1.2",
      "ts-node": "~3.2.0",
      "tslint": "~5.7.0",
      "typescript": "~2.4.2"
    },
    "engines": {
      "node": "6.11.3",
      "yarn": "1.3.2",
      "npm": "5.6.0"
    }
  }

yarn manifest: 
  No manifest

Lockfile: 
  No lockfile

Trace: 
  Error: https://registry.yarnpkg.com/caniuse-db/-/caniuse-db-1.0.30000798.tgz: ESOCKETTIMEDOUT
      at ClientRequest.<anonymous> (C:\Users\NatanPolly\AppData\Roaming\npm\node_modules\yarn\lib\cli.js:123716:19)
      at ClientRequest.g (events.js:292:16)
      at emitNone (events.js:86:13)
      at ClientRequest.emit (events.js:185:7)
      at TLSSocket.emitTimeout (_http_client.js:630:10)
      at TLSSocket.g (events.js:292:16)
      at emitNone (events.js:86:13)
      at TLSSocket.emit (events.js:185:7)
      at TLSSocket.Socket._onTimeout (net.js:338:8)
      at ontimeout (timers.js:386:11)
